<?xml version="1.0" encoding="UTF-8"?>
<!-- Generated by org.testng.reporters.JUnitReportReporter -->
<testsuite hostname="DESKTOP-3V906C2" failures="0" tests="1" name="tests.swag_labs_functional.Correct_image_on_product_page" time="2.072" errors="0" timestamp="03 апр. 2023 08:47:35 GMT" skipped="0">
  <testcase classname="tests.swag_labs_functional.Correct_image_on_product_page" name="correct_image_on_product_page" time="2.072"/>
</testsuite> <!-- tests.swag_labs_functional.Correct_image_on_product_page -->
