<?xml version="1.0" encoding="UTF-8"?>
<!-- Generated by org.testng.reporters.JUnitReportReporter -->
<testsuite hostname="DESKTOP-3V906C2" failures="0" tests="1" name="tests.swag_labs_regress.Sort_Z_to_A" time="2.900" errors="0" timestamp="03 апр. 2023 08:47:35 GMT" skipped="0">
  <testcase classname="tests.swag_labs_regress.Sort_Z_to_A" name="sort_Z_to_A_test" time="2.900"/>
</testsuite> <!-- tests.swag_labs_regress.Sort_Z_to_A -->
